<?xml version="1.0" encoding="UTF-8"?>
<testsuite name="com.example.hellospring.DemoApplicationTests" tests="1" skipped="0" failures="0" errors="0" timestamp="2024-03-10T07:55:48" hostname="DESKTOP-ODJ9EJ0" time="1.624">
  <properties/>
  <testcase name="contextLoads()" classname="com.example.hellospring.DemoApplicationTests" time="1.624"/>
  <system-out><![CDATA[16:55:44.464 [Test worker] INFO org.springframework.test.context.support.AnnotationConfigContextLoaderUtils -- Could not detect default configuration classes for test class [com.example.hellospring.DemoApplicationTests]: DemoApplicationTests does not declare any static, non-private, non-final, nested classes annotated with @Configuration.
16:55:44.712 [Test worker] INFO org.springframework.boot.test.context.SpringBootTestContextBootstrapper -- Found @SpringBootConfiguration com.example.hellospring.DemoApplication for test class com.example.hellospring.DemoApplicationTests

  .   ____          _            __ _ _
 /\\ / ___'_ __ _ _(_)_ __  __ _ \ \ \ \
( ( )\___ | '_ | '_| | '_ \/ _` | \ \ \ \
 \\/  ___)| |_)| | | | | || (_| |  ) ) ) )
  '  |____| .__|_| |_|_| |_\__, | / / / /
 =========|_|==============|___/=/_/_/_/
 :: Spring Boot ::                (v3.2.3)

2024-03-10T16:55:45.738+09:00  INFO 16352 --- [    Test worker] c.e.hellospring.DemoApplicationTests     : Starting DemoApplicationTests using Java 17.0.8.1 with PID 16352 (started by Jihye in C:\Users\Jihye\OneDrive\Documents\SSAFYSpringStudy\Spring0)
2024-03-10T16:55:45.742+09:00  INFO 16352 --- [    Test worker] c.e.hellospring.DemoApplicationTests     : No active profile set, falling back to 1 default profile: "default"
2024-03-10T16:55:48.179+09:00  INFO 16352 --- [    Test worker] o.s.b.a.w.s.WelcomePageHandlerMapping    : Adding welcome page: class path resource [static/index.html]
2024-03-10T16:55:48.836+09:00  INFO 16352 --- [    Test worker] c.e.hellospring.DemoApplicationTests     : Started DemoApplicationTests in 3.675 seconds (process running for 6.4)
]]></system-out>
  <system-err><![CDATA[]]></system-err>
</testsuite>
